<?xml version="1.0" encoding="UTF-8"?>
<!-- Generated by org.testng.reporters.JUnitReportReporter -->
<testsuite skipped="0" hostname="DESKTOP-OBF0608" name="testCases.TC_GetRequest" tests="1" failures="0" timestamp="2021-11-20T14:11:09 IST" time="0.745" errors="0">
  <testcase name="testcase1" time="0.745" classname="testCases.TC_GetRequest"/>
  <system-out/>
</testsuite> <!-- testCases.TC_GetRequest -->
